[debug] [2019-11-23T21:54:22.839Z] ----------------------------------------------------------------------
[debug] [2019-11-23T21:54:22.841Z] Command:       /usr/local/bin/firebase /home/lia/.cache/firebase/tools/lib/node_modules/firebase-tools/lib/bin/firebase login
[debug] [2019-11-23T21:54:22.841Z] CLI Version:   7.8.1
[debug] [2019-11-23T21:54:22.841Z] Platform:      linux
[debug] [2019-11-23T21:54:22.841Z] Node Version:  v10.15.3
[debug] [2019-11-23T21:54:22.841Z] Time:          Sat Nov 23 2019 19:54:22 GMT-0200 (GMT-02:00)
[debug] [2019-11-23T21:54:22.841Z] ----------------------------------------------------------------------
[debug] [2019-11-23T21:54:22.841Z] 
[info] i  Firebase optionally collects CLI usage and error reporting information to help improve our products. Data is collected in accordance with Google's privacy policy (https://policies.google.com/privacy) and is not used to identify you.

[info] i  To change your data collection preference at any time, run `firebase logout` and log in again.
[info] 
[info] Visit this URL on this device to log in:
[info] https://accounts.google.com/o/oauth2/auth?client_id=563584335869-fgrhgmd47bqnekij5i8b5pr03ho849e6.apps.googleusercontent.com&scope=email%20openid%20https%3A%2F%2Fwww.googleapis.com%2Fauth%2Fcloudplatformprojects.readonly%20https%3A%2F%2Fwww.googleapis.com%2Fauth%2Ffirebase%20https%3A%2F%2Fwww.googleapis.com%2Fauth%2Fcloud-platform&response_type=code&state=900341827&redirect_uri=http%3A%2F%2Flocalhost%3A9005
[info] 
[info] Waiting for authentication...
[debug] [2019-11-23T21:55:24.670Z] ----------------------------------------------------------------------
[debug] [2019-11-23T21:55:24.673Z] Command:       /usr/local/bin/firebase /home/lia/.cache/firebase/tools/lib/node_modules/firebase-tools/lib/bin/firebase login
[debug] [2019-11-23T21:55:24.674Z] CLI Version:   7.8.1
[debug] [2019-11-23T21:55:24.674Z] Platform:      linux
[debug] [2019-11-23T21:55:24.674Z] Node Version:  v10.15.3
[debug] [2019-11-23T21:55:24.674Z] Time:          Sat Nov 23 2019 19:55:24 GMT-0200 (GMT-02:00)
[debug] [2019-11-23T21:55:24.674Z] ----------------------------------------------------------------------
[debug] [2019-11-23T21:55:24.674Z] 
[info] i  Firebase optionally collects CLI usage and error reporting information to help improve our products. Data is collected in accordance with Google's privacy policy (https://policies.google.com/privacy) and is not used to identify you.

[info] i  To change your data collection preference at any time, run `firebase logout` and log in again.
[info] 
[info] Visit this URL on this device to log in:
[info] https://accounts.google.com/o/oauth2/auth?client_id=563584335869-fgrhgmd47bqnekij5i8b5pr03ho849e6.apps.googleusercontent.com&scope=email%20openid%20https%3A%2F%2Fwww.googleapis.com%2Fauth%2Fcloudplatformprojects.readonly%20https%3A%2F%2Fwww.googleapis.com%2Fauth%2Ffirebase%20https%3A%2F%2Fwww.googleapis.com%2Fauth%2Fcloud-platform&response_type=code&state=712425292&redirect_uri=http%3A%2F%2Flocalhost%3A9005
[info] 
[info] Waiting for authentication...
